<?xml version="1.0" encoding="UTF-8"?>
<!-- Generated by org.testng.reporters.JUnitReportReporter -->
<testsuite hostname="AL01LAP162" failures="0" tests="2" name="qaTest.testCase02" time="33.906" errors="0" timestamp="2025-09-11T23:53:48 IST" skipped="0">
  <testcase classname="qaTest.testCase02" name="Crdentials" time="16.519"/>
  <system-out/>
  <testcase classname="qaTest.testCase02" name="verification" time="17.387"/>
  <system-out/>
</testsuite> <!-- qaTest.testCase02 -->
